<?xml version="1.0" encoding="UTF-8"?>
<testng-results ignored="0" total="1" passed="0" failed="1" skipped="0">
  <reporter-output>
  </reporter-output>
  <suite started-at="2023-10-30T18:28:36 IST" name="Default suite" finished-at="2023-10-30T18:29:59 IST" duration-ms="83319">
    <groups>
    </groups>
    <test started-at="2023-10-30T18:28:36 IST" name="Default test" finished-at="2023-10-30T18:29:59 IST" duration-ms="83319">
      <class name="org.TestScenarioStaff.TS01_TC01_Login_PreLoginRegistrationValidation">
        <test-method is-config="true" signature="reportSetup()[pri:0, instance:org.TestScenarioStaff.TS01_TC01_Login_PreLoginRegistrationValidation@59662a0b]" started-at="2023-10-30T18:28:36 IST" name="reportSetup" finished-at="2023-10-30T18:28:36 IST" duration-ms="159" status="PASS">
          <reporter-output>
          </reporter-output>
        </test-method> <!-- reportSetup -->
        <test-method is-config="true" signature="InitiateDriver()[pri:0, instance:org.TestScenarioStaff.TS01_TC01_Login_PreLoginRegistrationValidation@59662a0b]" started-at="2023-10-30T18:28:36 IST" name="InitiateDriver" finished-at="2023-10-30T18:29:39 IST" duration-ms="63266" status="PASS">
          <reporter-output>
          </reporter-output>
        </test-method> <!-- InitiateDriver -->
        <test-method signature="TC01_PreLoginValidation()[pri:0, instance:org.TestScenarioStaff.TS01_TC01_Login_PreLoginRegistrationValidation@59662a0b]" started-at="2023-10-30T18:29:39 IST" name="TC01_PreLoginValidation" finished-at="2023-10-30T18:29:59 IST" duration-ms="20013" status="FAIL">
          <exception class="org.openqa.selenium.InvalidSelectorException">
            <message>
              <![CDATA[Compound class names not permitted
For documentation on this error, please visit: https://selenium.dev/exceptions/#invalid_selector_exception
Build info: version: '4.6.0', revision: '79f1c02ae20'
System info: os.name: 'Windows 11', os.arch: 'amd64', os.version: '10.0', java.version: '18.0.1'
Driver info: driver.version: unknown]]>
            </message>
            <full-stacktrace>
              <![CDATA[org.openqa.selenium.InvalidSelectorException: Compound class names not permitted
For documentation on this error, please visit: https://selenium.dev/exceptions/#invalid_selector_exception
Build info: version: '4.6.0', revision: '79f1c02ae20'
System info: os.name: 'Windows 11', os.arch: 'amd64', os.version: '10.0', java.version: '18.0.1'
Driver info: driver.version: unknown
at org.openqa.selenium.By$ByClassName.<init>(By.java:310)
at org.openqa.selenium.By.className(By.java:100)
at org.TestScenarioStaff.TS01_TC01_Login_PreLoginRegistrationValidation.TC01_PreLoginValidation(TS01_TC01_Login_PreLoginRegistrationValidation.java:29)
at java.base/jdk.internal.reflect.DirectMethodHandleAccessor.invoke(DirectMethodHandleAccessor.java:104)
at java.base/java.lang.reflect.Method.invoke(Method.java:577)
at org.testng.internal.MethodInvocationHelper.invokeMethod(MethodInvocationHelper.java:133)
at org.testng.internal.TestInvoker.invokeMethod(TestInvoker.java:598)
at org.testng.internal.TestInvoker.invokeTestMethod(TestInvoker.java:173)
at org.testng.internal.MethodRunner.runInSequence(MethodRunner.java:46)
at org.testng.internal.TestInvoker$MethodInvocationAgent.invoke(TestInvoker.java:824)
at org.testng.internal.TestInvoker.invokeTestMethods(TestInvoker.java:146)
at org.testng.internal.TestMethodWorker.invokeTestMethods(TestMethodWorker.java:146)
at org.testng.internal.TestMethodWorker.run(TestMethodWorker.java:128)
at java.base/java.util.ArrayList.forEach(ArrayList.java:1511)
at org.testng.TestRunner.privateRun(TestRunner.java:794)
at org.testng.TestRunner.run(TestRunner.java:596)
at org.testng.SuiteRunner.runTest(SuiteRunner.java:377)
at org.testng.SuiteRunner.runSequentially(SuiteRunner.java:371)
at org.testng.SuiteRunner.privateRun(SuiteRunner.java:332)
at org.testng.SuiteRunner.run(SuiteRunner.java:276)
at org.testng.SuiteRunnerWorker.runSuite(SuiteRunnerWorker.java:53)
at org.testng.SuiteRunnerWorker.run(SuiteRunnerWorker.java:96)
at org.testng.TestNG.runSuitesSequentially(TestNG.java:1212)
at org.testng.TestNG.runSuitesLocally(TestNG.java:1134)
at org.testng.TestNG.runSuites(TestNG.java:1063)
at org.testng.TestNG.run(TestNG.java:1031)
at org.testng.remote.AbstractRemoteTestNG.run(AbstractRemoteTestNG.java:115)
at org.testng.remote.RemoteTestNG.initAndRun(RemoteTestNG.java:251)
at org.testng.remote.RemoteTestNG.main(RemoteTestNG.java:77)
]]>
            </full-stacktrace>
          </exception> <!-- org.openqa.selenium.InvalidSelectorException -->
          <reporter-output>
          </reporter-output>
        </test-method> <!-- TC01_PreLoginValidation -->
        <test-method is-config="true" signature="reportTeardown()[pri:0, instance:org.TestScenarioStaff.TS01_TC01_Login_PreLoginRegistrationValidation@59662a0b]" started-at="2023-10-30T18:30:00 IST" name="reportTeardown" finished-at="2023-10-30T18:30:00 IST" duration-ms="192" status="PASS">
          <reporter-output>
          </reporter-output>
        </test-method> <!-- reportTeardown -->
      </class> <!-- org.TestScenarioStaff.TS01_TC01_Login_PreLoginRegistrationValidation -->
    </test> <!-- Default test -->
  </suite> <!-- Default suite -->
</testng-results>
