<?xml version="1.0" encoding="UTF-8"?>
<!-- Generated by org.testng.reporters.JUnitXMLReporter -->
<testsuite ignored="0" hostname="DESKTOP-N84GOOJ" failures="4" tests="4" name="Test" time="6.081" errors="0" timestamp="2023-06-13T10:36:32 IST">
  <testcase classname="org.TestScenarioStaff.TS03_TC02_Deposits_FD" name="TC02_LoginValidation" time="1.155">
    <failure type="java.lang.NullPointerException" message="Cannot invoke &amp;quot;com.aventstack.extentreports.ExtentReports.createTest(String)&amp;quot; because &amp;quot;this.extent&amp;quot; is null">
      <![CDATA[java.lang.NullPointerException: Cannot invoke "com.aventstack.extentreports.ExtentReports.createTest(String)" because "this.extent" is null
at org.TestScenarioStaff.TS03_TC02_Deposits_FD.TC02_LoginValidation(TS03_TC02_Deposits_FD.java:21)
at java.base/java.util.ArrayList.forEach(ArrayList.java:1511)
... Removed 25 stack frames]]>
    </failure>
  </testcase> <!-- TC02_LoginValidation -->
  <testcase classname="org.TestScenarioStaff.TS03_TC02_Deposits_FD" name="TC03_FixedDeposit" time="0.095">
    <failure type="java.lang.NullPointerException" message="Cannot invoke &amp;quot;com.aventstack.extentreports.ExtentReports.createTest(String)&amp;quot; because &amp;quot;this.extent&amp;quot; is null">
      <![CDATA[java.lang.NullPointerException: Cannot invoke "com.aventstack.extentreports.ExtentReports.createTest(String)" because "this.extent" is null
at org.TestScenarioStaff.TS03_TC02_Deposits_FD.TC03_FixedDeposit(TS03_TC02_Deposits_FD.java:52)
at java.base/java.util.ArrayList.forEach(ArrayList.java:1511)
... Removed 25 stack frames]]>
    </failure>
  </testcase> <!-- TC03_FixedDeposit -->
  <testcase classname="org.TestScenarioStaff.TS03_TC02_Deposits_FD" name="TC04_DepositClosureFD" time="0.092">
    <failure type="java.lang.NullPointerException" message="Cannot invoke &amp;quot;com.aventstack.extentreports.ExtentReports.createTest(String)&amp;quot; because &amp;quot;this.extent&amp;quot; is null">
      <![CDATA[java.lang.NullPointerException: Cannot invoke "com.aventstack.extentreports.ExtentReports.createTest(String)" because "this.extent" is null
at org.TestScenarioStaff.TS03_TC02_Deposits_FD.TC04_DepositClosureFD(TS03_TC02_Deposits_FD.java:84)
at java.base/java.util.ArrayList.forEach(ArrayList.java:1511)
... Removed 25 stack frames]]>
    </failure>
  </testcase> <!-- TC04_DepositClosureFD -->
  <testcase classname="org.TestScenarioStaff.TS03_TC02_Deposits_FD" name="TC05_LogOff" time="0.002">
    <failure type="java.lang.NullPointerException" message="Cannot invoke &amp;quot;com.aventstack.extentreports.ExtentReports.createTest(String)&amp;quot; because &amp;quot;this.extent&amp;quot; is null">
      <![CDATA[java.lang.NullPointerException: Cannot invoke "com.aventstack.extentreports.ExtentReports.createTest(String)" because "this.extent" is null
at org.TestScenarioStaff.TS03_TC02_Deposits_FD.TC05_LogOff(TS03_TC02_Deposits_FD.java:118)
at java.base/java.util.ArrayList.forEach(ArrayList.java:1511)
... Removed 25 stack frames]]>
    </failure>
  </testcase> <!-- TC05_LogOff -->
</testsuite> <!-- Test -->
